<?xml version="1.0" encoding="UTF-8"?>
<!-- Generated by org.testng.reporters.JUnitXMLReporter -->
<testsuite ignored="5" hostname="Shishirs-MBP" failures="0" tests="8" name="Test" time="47.268" errors="0" timestamp="2023-11-16T11:28:37 GMT-05:00">
  <testcase classname="Tests.SauceLabTestCases" name="a" time="0.025"/>
  <testcase classname="Tests.SauceLabTestCases" name="validCredentials" time="1.753"/>
  <testcase classname="Tests.SauceLabTestCases" name="validCredentials" time="1.554"/>
  <testcase classname="Tests.SauceLabTestCases" name="validCredentials" time="1.523"/>
  <testcase classname="Tests.SauceLabTestCases2" name="a" time="0.002"/>
  <testcase classname="Tests.SauceLabTestCases2" name="validCredentials" time="1.565"/>
  <testcase classname="Tests.SauceLabTestCases2" name="validCredentials" time="1.633"/>
  <testcase classname="Tests.SauceLabTestCases2" name="validCredentials" time="1.503"/>
  <testcase classname="Tests.LoginScenarios" name="invalidCredentials2" time="0.0">
    <ignored/>
  </testcase> <!-- invalidCredentials2 -->
  <testcase classname="Tests.SauceLabTestCases" name="c" time="0.0">
    <ignored/>
  </testcase> <!-- c -->
  <testcase classname="Tests.SauceLabTestCases2" name="c" time="0.0">
    <ignored/>
  </testcase> <!-- c -->
  <testcase classname="Tests.SauceLabTestCases" name="b" time="0.0">
    <ignored/>
  </testcase> <!-- b -->
  <testcase classname="Tests.SauceLabTestCases2" name="b" time="0.0">
    <ignored/>
  </testcase> <!-- b -->
</testsuite> <!-- Test -->
